  Killing any running python_d.exe instances...
  Getting build info from git
  Building heads/master-dirty:56d15364 master
E:\the_c_of_vs_code\c\c_study\12\Python-3.8.0\PCbuild\pythoncore.vcxproj(519,5): warning : Not including zlib is not a supported configuration.
  _abc.c
  _bisectmodule.c
  blake2module.c
  blake2b_impl.c
  blake2s_impl.c
  _codecsmodule.c
  _collectionsmodule.c
  _contextvarsmodule.c
  _csv.c
  _functoolsmodule.c
  _heapqmodule.c
  _json.c
  _localemodule.c
  _lsprof.c
  _math.c
  _pickle.c
  _randommodule.c
  sha3module.c
E:\the_c_of_vs_code\c\c_study\12\Python-3.8.0\Modules\_sha3\kcp\KeccakSponge.h(1,1): warning C4819: 该文件包含不能在当前代码页(936)中表示的字符。请将该文件保存为 Unicode 格式以防止数据丢失
  _sre.c
  _stat.c
  正在生成代码...
  正在编译...
  _struct.c
  _weakref.c
  arraymodule.c
  atexitmodule.c
  audioop.c
  binascii.c
  cmathmodule.c
  _datetimemodule.c
  errnomodule.c
  faulthandler.c
  gcmodule.c
  hashtable.c
  itertoolsmodule.c
  main.c
  mathmodule.c
  md5module.c
  mmapmodule.c
  _opcode.c
  _operator.c
  parsermodule.c
  正在生成代码...
  正在编译...
  posixmodule.c
  rotatingtree.c
  sha1module.c
  sha256module.c
  sha512module.c
  signalmodule.c
  _statisticsmodule.c
E:\the_c_of_vs_code\c\c_study\12\Python-3.8.0\Modules\_statisticsmodule.c(1,1): warning C4819: 该文件包含不能在当前代码页(936)中表示的字符。请将该文件保存为 Unicode 格式以防止数据丢失
  symtablemodule.c
  _threadmodule.c
  _tracemalloc.c
  timemodule.c
  xxsubtype.c
  _xxsubinterpretersmodule.c
  fileio.c
  bytesio.c
  stringio.c
  bufferedio.c
  iobase.c
  textio.c
  winconsoleio.c
  正在生成代码...
  正在编译...
  _iomodule.c
  _codecs_cn.c
  _codecs_hk.c
  _codecs_iso2022.c
  _codecs_jp.c
  _codecs_kr.c
  _codecs_tw.c
  multibytecodec.c
  _winapi.c
  abstract.c
  accu.c
  boolobject.c
  bytearrayobject.c
  bytes_methods.c
  bytesobject.c
  call.c
  capsule.c
  cellobject.c
  classobject.c
  codeobject.c
  正在生成代码...
  正在编译...
  complexobject.c
  descrobject.c
  dictobject.c
  enumobject.c
  exceptions.c
  fileobject.c
  floatobject.c
  frameobject.c
  funcobject.c
  genobject.c
  interpreteridobject.c
  iterobject.c
  listobject.c
  longobject.c
  memoryobject.c
  methodobject.c
  moduleobject.c
  namespaceobject.c
  object.c
  obmalloc.c
  正在生成代码...
  正在编译...
  odictobject.c
  picklebufobject.c
  rangeobject.c
  setobject.c
  sliceobject.c
  structseq.c
  tupleobject.c
  typeobject.c
  unicodectype.c
  unicodeobject.c
  weakrefobject.c
  acceler.c
  grammar1.c
  listnode.c
  myreadline.c
  node.c
  parser.c
  parsetok.c
  tokenizer.c
  token.c
  正在生成代码...
  正在编译...
  invalid_parameter_handler.c
  winreg.c
  config.c
  getpathp.c
  msvcrtmodule.c
  pyhash.c
  _warnings.c
  asdl.c
  ast.c
  ast_opt.c
  ast_unparse.c
  bltinmodule.c
  bootstrap_hash.c
  ceval.c
  codecs.c
  compile.c
E:\Windows Kits\10\Include\10.0.18362.0\um\winbase.h(103,1): warning C4005: “Yield”: 宏重定义
E:\the_c_of_vs_code\c\c_study\12\Python-3.8.0\Include\Python-ast.h(627): message : 参见“Yield”的前一个定义
  context.c
  dynamic_annotations.c
  dynload_win.c
  errors.c
  正在生成代码...
  正在编译...
  fileutils.c
  formatter_unicode.c
  frozen.c
  future.c
  getargs.c
  getcompiler.c
  getcopyright.c
  getopt.c
  getplatform.c
  getversion.c
  graminit.c
  hamt.c
  import.c
  importdl.c
  initconfig.c
  marshal.c
  modsupport.c
  mysnprintf.c
  mystrtoul.c
  pathconfig.c
  正在生成代码...
  正在编译...
  peephole.c
  preconfig.c
  pyarena.c
  pyctype.c
  pyfpe.c
  pylifecycle.c
  pymath.c
  pytime.c
  pystate.c
  pystrcmp.c
  pystrhex.c
  pystrtod.c
  dtoa.c
  Python-ast.c
  pythonrun.c
  structmember.c
  symtable.c
  sysmodule.c
  thread.c
  traceback.c
  正在生成代码...
  正在编译...
  dl_nt.c
  正在生成代码...
  getbuildinfo.c
    正在创建库 E:\the_c_of_vs_code\c\c_study\12\Python-3.8.0\PCbuild\win32\python38_d.lib 和对象 E:\the_c_of_vs_code\c\c_study\12\Python-3.8.0\PCbuild\win32\python38_d.exp
  pythoncore.vcxproj -> E:\the_c_of_vs_code\c\c_study\12\Python-3.8.0\PCbuild\win32\python38_d.dll
