e:\the_c_of_vs_code\c\c_study\a_python_源码\python-2.5\pcbuild\x86-temp-debug\pythoncore\vc142.pdb
e:\the_c_of_vs_code\c\c_study\a_python_源码\python-2.5\pcbuild\x86-temp-debug\pythoncore\main.obj
e:\the_c_of_vs_code\c\c_study\a_python_源码\python-2.5\pcbuild\x86-temp-debug\pythoncore\itertoolsmodule.obj
e:\the_c_of_vs_code\c\c_study\a_python_源码\python-2.5\pcbuild\x86-temp-debug\pythoncore\imageop.obj
e:\the_c_of_vs_code\c\c_study\a_python_源码\python-2.5\pcbuild\x86-temp-debug\pythoncore\gcmodule.obj
e:\the_c_of_vs_code\c\c_study\a_python_源码\python-2.5\pcbuild\x86-temp-debug\pythoncore\errnomodule.obj
e:\the_c_of_vs_code\c\c_study\a_python_源码\python-2.5\pcbuild\x86-temp-debug\pythoncore\datetimemodule.obj
e:\the_c_of_vs_code\c\c_study\a_python_源码\python-2.5\pcbuild\x86-temp-debug\pythoncore\cstringio.obj
e:\the_c_of_vs_code\c\c_study\a_python_源码\python-2.5\pcbuild\x86-temp-debug\pythoncore\cpickle.obj
e:\the_c_of_vs_code\c\c_study\a_python_源码\python-2.5\pcbuild\x86-temp-debug\pythoncore\collectionsmodule.obj
e:\the_c_of_vs_code\c\c_study\a_python_源码\python-2.5\pcbuild\x86-temp-debug\pythoncore\cmathmodule.obj
e:\the_c_of_vs_code\c\c_study\a_python_源码\python-2.5\pcbuild\x86-temp-debug\pythoncore\_codecs_tw.obj
e:\the_c_of_vs_code\c\c_study\a_python_源码\python-2.5\pcbuild\x86-temp-debug\pythoncore\_codecs_kr.obj
e:\the_c_of_vs_code\c\c_study\a_python_源码\python-2.5\pcbuild\x86-temp-debug\pythoncore\_codecs_jp.obj
e:\the_c_of_vs_code\c\c_study\a_python_源码\python-2.5\pcbuild\x86-temp-debug\pythoncore\_codecs_iso2022.obj
e:\the_c_of_vs_code\c\c_study\a_python_源码\python-2.5\pcbuild\x86-temp-debug\pythoncore\_codecs_hk.obj
e:\the_c_of_vs_code\c\c_study\a_python_源码\python-2.5\pcbuild\x86-temp-debug\pythoncore\_codecs_cn.obj
e:\the_c_of_vs_code\c\c_study\a_python_源码\python-2.5\pcbuild\x86-temp-debug\pythoncore\multibytecodec.obj
e:\the_c_of_vs_code\c\c_study\a_python_源码\python-2.5\pcbuild\x86-temp-debug\pythoncore\binascii.obj
e:\the_c_of_vs_code\c\c_study\a_python_源码\python-2.5\pcbuild\x86-temp-debug\pythoncore\audioop.obj
e:\the_c_of_vs_code\c\c_study\a_python_源码\python-2.5\pcbuild\x86-temp-debug\pythoncore\arraymodule.obj
e:\the_c_of_vs_code\c\c_study\a_python_源码\python-2.5\pcbuild\x86-temp-debug\pythoncore\zipimport.obj
e:\the_c_of_vs_code\c\c_study\a_python_源码\python-2.5\pcbuild\x86-temp-debug\pythoncore\yuvconvert.obj
e:\the_c_of_vs_code\c\c_study\a_python_源码\python-2.5\pcbuild\x86-temp-debug\pythoncore\xxsubtype.obj
e:\the_c_of_vs_code\c\c_study\a_python_源码\python-2.5\pcbuild\x86-temp-debug\pythoncore\threadmodule.obj
e:\the_c_of_vs_code\c\c_study\a_python_源码\python-2.5\pcbuild\x86-temp-debug\pythoncore\symtablemodule.obj
e:\the_c_of_vs_code\c\c_study\a_python_源码\python-2.5\pcbuild\x86-temp-debug\pythoncore\stropmodule.obj
e:\the_c_of_vs_code\c\c_study\a_python_源码\python-2.5\pcbuild\x86-temp-debug\pythoncore\signalmodule.obj
e:\the_c_of_vs_code\c\c_study\a_python_源码\python-2.5\pcbuild\x86-temp-debug\pythoncore\shamodule.obj
e:\the_c_of_vs_code\c\c_study\a_python_源码\python-2.5\pcbuild\x86-temp-debug\pythoncore\sha512module.obj
e:\the_c_of_vs_code\c\c_study\a_python_源码\python-2.5\pcbuild\x86-temp-debug\pythoncore\sha256module.obj
e:\the_c_of_vs_code\c\c_study\a_python_源码\python-2.5\pcbuild\x86-temp-debug\pythoncore\rotatingtree.obj
e:\the_c_of_vs_code\c\c_study\a_python_源码\python-2.5\pcbuild\x86-temp-debug\pythoncore\rgbimgmodule.obj
e:\the_c_of_vs_code\c\c_study\a_python_源码\python-2.5\pcbuild\x86-temp-debug\pythoncore\posixmodule.obj
e:\the_c_of_vs_code\c\c_study\a_python_源码\python-2.5\pcbuild\x86-temp-debug\pythoncore\parsermodule.obj
e:\the_c_of_vs_code\c\c_study\a_python_源码\python-2.5\pcbuild\x86-temp-debug\pythoncore\operator.obj
e:\the_c_of_vs_code\c\c_study\a_python_源码\python-2.5\pcbuild\x86-temp-debug\pythoncore\mmapmodule.obj
e:\the_c_of_vs_code\c\c_study\a_python_源码\python-2.5\pcbuild\x86-temp-debug\pythoncore\md5module.obj
e:\the_c_of_vs_code\c\c_study\a_python_源码\python-2.5\pcbuild\x86-temp-debug\pythoncore\md5.obj
e:\the_c_of_vs_code\c\c_study\a_python_源码\python-2.5\pcbuild\x86-temp-debug\pythoncore\mathmodule.obj
e:\the_c_of_vs_code\c\c_study\a_python_源码\python-2.5\pcbuild\x86-temp-debug\pythoncore\_lsprof.obj
e:\the_c_of_vs_code\c\c_study\a_python_源码\python-2.5\pcbuild\x86-temp-debug\pythoncore\_localemodule.obj
e:\the_c_of_vs_code\c\c_study\a_python_源码\python-2.5\pcbuild\x86-temp-debug\pythoncore\_hotshot.obj
e:\the_c_of_vs_code\c\c_study\a_python_源码\python-2.5\pcbuild\x86-temp-debug\pythoncore\_heapqmodule.obj
e:\the_c_of_vs_code\c\c_study\a_python_源码\python-2.5\pcbuild\x86-temp-debug\pythoncore\_functoolsmodule.obj
e:\the_c_of_vs_code\c\c_study\a_python_源码\python-2.5\pcbuild\x86-temp-debug\pythoncore\_csv.obj
e:\the_c_of_vs_code\c\c_study\a_python_源码\python-2.5\pcbuild\x86-temp-debug\pythoncore\_codecsmodule.obj
e:\the_c_of_vs_code\c\c_study\a_python_源码\python-2.5\pcbuild\x86-temp-debug\pythoncore\_bisectmodule.obj
e:\the_c_of_vs_code\c\c_study\a_python_源码\python-2.5\pcbuild\x86-temp-debug\pythoncore\zutil.obj
e:\the_c_of_vs_code\c\c_study\a_python_源码\python-2.5\pcbuild\x86-temp-debug\pythoncore\uncompr.obj
e:\the_c_of_vs_code\c\c_study\a_python_源码\python-2.5\pcbuild\x86-temp-debug\pythoncore\trees.obj
e:\the_c_of_vs_code\c\c_study\a_python_源码\python-2.5\pcbuild\x86-temp-debug\pythoncore\inftrees.obj
e:\the_c_of_vs_code\c\c_study\a_python_源码\python-2.5\pcbuild\x86-temp-debug\pythoncore\inflate.obj
e:\the_c_of_vs_code\c\c_study\a_python_源码\python-2.5\pcbuild\x86-temp-debug\pythoncore\inffast.obj
e:\the_c_of_vs_code\c\c_study\a_python_源码\python-2.5\pcbuild\x86-temp-debug\pythoncore\infback.obj
e:\the_c_of_vs_code\c\c_study\a_python_源码\python-2.5\pcbuild\x86-temp-debug\pythoncore\gzio.obj
e:\the_c_of_vs_code\c\c_study\a_python_源码\python-2.5\pcbuild\x86-temp-debug\pythoncore\deflate.obj
e:\the_c_of_vs_code\c\c_study\a_python_源码\python-2.5\pcbuild\x86-temp-debug\pythoncore\crc32.obj
e:\the_c_of_vs_code\c\c_study\a_python_源码\python-2.5\pcbuild\x86-temp-debug\pythoncore\compress.obj
e:\the_c_of_vs_code\c\c_study\a_python_源码\python-2.5\pcbuild\x86-temp-debug\pythoncore\adler32.obj
e:\the_c_of_vs_code\c\c_study\a_python_源码\python-2.5\pcbuild\x86-temp-debug\pythoncore\frameobject.obj
e:\the_c_of_vs_code\c\c_study\a_python_源码\python-2.5\pcbuild\x86-temp-debug\pythoncore\floatobject.obj
e:\the_c_of_vs_code\c\c_study\a_python_源码\python-2.5\pcbuild\x86-temp-debug\pythoncore\fileobject.obj
e:\the_c_of_vs_code\c\c_study\a_python_源码\python-2.5\pcbuild\x86-temp-debug\pythoncore\exceptions.obj
e:\the_c_of_vs_code\c\c_study\a_python_源码\python-2.5\pcbuild\x86-temp-debug\pythoncore\enumobject.obj
e:\the_c_of_vs_code\c\c_study\a_python_源码\python-2.5\pcbuild\x86-temp-debug\pythoncore\dictobject.obj
e:\the_c_of_vs_code\c\c_study\a_python_源码\python-2.5\pcbuild\x86-temp-debug\pythoncore\descrobject.obj
e:\the_c_of_vs_code\c\c_study\a_python_源码\python-2.5\pcbuild\x86-temp-debug\pythoncore\complexobject.obj
e:\the_c_of_vs_code\c\c_study\a_python_源码\python-2.5\pcbuild\x86-temp-debug\pythoncore\codeobject.obj
e:\the_c_of_vs_code\c\c_study\a_python_源码\python-2.5\pcbuild\x86-temp-debug\pythoncore\cobject.obj
e:\the_c_of_vs_code\c\c_study\a_python_源码\python-2.5\pcbuild\x86-temp-debug\pythoncore\classobject.obj
e:\the_c_of_vs_code\c\c_study\a_python_源码\python-2.5\pcbuild\x86-temp-debug\pythoncore\cellobject.obj
e:\the_c_of_vs_code\c\c_study\a_python_源码\python-2.5\pcbuild\x86-temp-debug\pythoncore\bufferobject.obj
e:\the_c_of_vs_code\c\c_study\a_python_源码\python-2.5\pcbuild\x86-temp-debug\pythoncore\boolobject.obj
e:\the_c_of_vs_code\c\c_study\a_python_源码\python-2.5\pcbuild\x86-temp-debug\pythoncore\abstract.obj
e:\the_c_of_vs_code\c\c_study\a_python_源码\python-2.5\pcbuild\x86-temp-debug\pythoncore\_weakref.obj
e:\the_c_of_vs_code\c\c_study\a_python_源码\python-2.5\pcbuild\x86-temp-debug\pythoncore\_typesmodule.obj
e:\the_c_of_vs_code\c\c_study\a_python_源码\python-2.5\pcbuild\x86-temp-debug\pythoncore\_struct.obj
e:\the_c_of_vs_code\c\c_study\a_python_源码\python-2.5\pcbuild\x86-temp-debug\pythoncore\_sre.obj
e:\the_c_of_vs_code\c\c_study\a_python_源码\python-2.5\pcbuild\x86-temp-debug\pythoncore\_randommodule.obj
e:\the_c_of_vs_code\c\c_study\a_python_源码\python-2.5\pcbuild\x86-temp-debug\pythoncore\weakrefobject.obj
e:\the_c_of_vs_code\c\c_study\a_python_源码\python-2.5\pcbuild\x86-temp-debug\pythoncore\unicodeobject.obj
e:\the_c_of_vs_code\c\c_study\a_python_源码\python-2.5\pcbuild\x86-temp-debug\pythoncore\unicodectype.obj
e:\the_c_of_vs_code\c\c_study\a_python_源码\python-2.5\pcbuild\x86-temp-debug\pythoncore\typeobject.obj
e:\the_c_of_vs_code\c\c_study\a_python_源码\python-2.5\pcbuild\x86-temp-debug\pythoncore\tupleobject.obj
e:\the_c_of_vs_code\c\c_study\a_python_源码\python-2.5\pcbuild\x86-temp-debug\pythoncore\structseq.obj
e:\the_c_of_vs_code\c\c_study\a_python_源码\python-2.5\pcbuild\x86-temp-debug\pythoncore\stringobject.obj
e:\the_c_of_vs_code\c\c_study\a_python_源码\python-2.5\pcbuild\x86-temp-debug\pythoncore\sliceobject.obj
e:\the_c_of_vs_code\c\c_study\a_python_源码\python-2.5\pcbuild\x86-temp-debug\pythoncore\setobject.obj
e:\the_c_of_vs_code\c\c_study\a_python_源码\python-2.5\pcbuild\x86-temp-debug\pythoncore\rangeobject.obj
e:\the_c_of_vs_code\c\c_study\a_python_源码\python-2.5\pcbuild\x86-temp-debug\pythoncore\obmalloc.obj
e:\the_c_of_vs_code\c\c_study\a_python_源码\python-2.5\pcbuild\x86-temp-debug\pythoncore\object.obj
e:\the_c_of_vs_code\c\c_study\a_python_源码\python-2.5\pcbuild\x86-temp-debug\pythoncore\moduleobject.obj
e:\the_c_of_vs_code\c\c_study\a_python_源码\python-2.5\pcbuild\x86-temp-debug\pythoncore\methodobject.obj
e:\the_c_of_vs_code\c\c_study\a_python_源码\python-2.5\pcbuild\x86-temp-debug\pythoncore\longobject.obj
e:\the_c_of_vs_code\c\c_study\a_python_源码\python-2.5\pcbuild\x86-temp-debug\pythoncore\listobject.obj
e:\the_c_of_vs_code\c\c_study\a_python_源码\python-2.5\pcbuild\x86-temp-debug\pythoncore\iterobject.obj
e:\the_c_of_vs_code\c\c_study\a_python_源码\python-2.5\pcbuild\x86-temp-debug\pythoncore\intobject.obj
e:\the_c_of_vs_code\c\c_study\a_python_源码\python-2.5\pcbuild\x86-temp-debug\pythoncore\genobject.obj
e:\the_c_of_vs_code\c\c_study\a_python_源码\python-2.5\pcbuild\x86-temp-debug\pythoncore\funcobject.obj
e:\the_c_of_vs_code\c\c_study\a_python_源码\python-2.5\pcbuild\x86-temp-debug\pythoncore\ast.obj
e:\the_c_of_vs_code\c\c_study\a_python_源码\python-2.5\pcbuild\x86-temp-debug\pythoncore\asdl.obj
e:\the_c_of_vs_code\c\c_study\a_python_源码\python-2.5\pcbuild\x86-temp-debug\pythoncore\_winreg.obj
e:\the_c_of_vs_code\c\c_study\a_python_源码\python-2.5\pcbuild\x86-temp-debug\pythoncore\_subprocess.obj
e:\the_c_of_vs_code\c\c_study\a_python_源码\python-2.5\pcbuild\x86-temp-debug\pythoncore\msvcrtmodule.obj
e:\the_c_of_vs_code\c\c_study\a_python_源码\python-2.5\pcbuild\x86-temp-debug\pythoncore\getpathp.obj
e:\the_c_of_vs_code\c\c_study\a_python_源码\python-2.5\pcbuild\x86-temp-debug\pythoncore\dl_nt.obj
e:\the_c_of_vs_code\c\c_study\a_python_源码\python-2.5\pcbuild\x86-temp-debug\pythoncore\config.obj
e:\the_c_of_vs_code\c\c_study\a_python_源码\python-2.5\pcbuild\x86-temp-debug\pythoncore\tokenizer.obj
e:\the_c_of_vs_code\c\c_study\a_python_源码\python-2.5\pcbuild\x86-temp-debug\pythoncore\parsetok.obj
e:\the_c_of_vs_code\c\c_study\a_python_源码\python-2.5\pcbuild\x86-temp-debug\pythoncore\parser.obj
e:\the_c_of_vs_code\c\c_study\a_python_源码\python-2.5\pcbuild\x86-temp-debug\pythoncore\node.obj
e:\the_c_of_vs_code\c\c_study\a_python_源码\python-2.5\pcbuild\x86-temp-debug\pythoncore\myreadline.obj
e:\the_c_of_vs_code\c\c_study\a_python_源码\python-2.5\pcbuild\x86-temp-debug\pythoncore\metagrammar.obj
e:\the_c_of_vs_code\c\c_study\a_python_源码\python-2.5\pcbuild\x86-temp-debug\pythoncore\listnode.obj
e:\the_c_of_vs_code\c\c_study\a_python_源码\python-2.5\pcbuild\x86-temp-debug\pythoncore\grammar1.obj
e:\the_c_of_vs_code\c\c_study\a_python_源码\python-2.5\pcbuild\x86-temp-debug\pythoncore\grammar.obj
e:\the_c_of_vs_code\c\c_study\a_python_源码\python-2.5\pcbuild\x86-temp-debug\pythoncore\firstsets.obj
e:\the_c_of_vs_code\c\c_study\a_python_源码\python-2.5\pcbuild\x86-temp-debug\pythoncore\bitset.obj
e:\the_c_of_vs_code\c\c_study\a_python_源码\python-2.5\pcbuild\x86-temp-debug\pythoncore\acceler.obj
e:\the_c_of_vs_code\c\c_study\a_python_源码\python-2.5\pcbuild\x86-temp-debug\pythoncore\modsupport.obj
e:\the_c_of_vs_code\c\c_study\a_python_源码\python-2.5\pcbuild\x86-temp-debug\pythoncore\marshal.obj
e:\the_c_of_vs_code\c\c_study\a_python_源码\python-2.5\pcbuild\x86-temp-debug\pythoncore\importdl.obj
e:\the_c_of_vs_code\c\c_study\a_python_源码\python-2.5\pcbuild\x86-temp-debug\pythoncore\import.obj
e:\the_c_of_vs_code\c\c_study\a_python_源码\python-2.5\pcbuild\x86-temp-debug\pythoncore\graminit.obj
e:\the_c_of_vs_code\c\c_study\a_python_源码\python-2.5\pcbuild\x86-temp-debug\pythoncore\getversion.obj
e:\the_c_of_vs_code\c\c_study\a_python_源码\python-2.5\pcbuild\x86-temp-debug\pythoncore\getplatform.obj
e:\the_c_of_vs_code\c\c_study\a_python_源码\python-2.5\pcbuild\x86-temp-debug\pythoncore\getopt.obj
e:\the_c_of_vs_code\c\c_study\a_python_源码\python-2.5\pcbuild\x86-temp-debug\pythoncore\getmtime.obj
e:\the_c_of_vs_code\c\c_study\a_python_源码\python-2.5\pcbuild\x86-temp-debug\pythoncore\getcopyright.obj
e:\the_c_of_vs_code\c\c_study\a_python_源码\python-2.5\pcbuild\x86-temp-debug\pythoncore\getcompiler.obj
e:\the_c_of_vs_code\c\c_study\a_python_源码\python-2.5\pcbuild\x86-temp-debug\pythoncore\getargs.obj
e:\the_c_of_vs_code\c\c_study\a_python_源码\python-2.5\pcbuild\x86-temp-debug\pythoncore\future.obj
e:\the_c_of_vs_code\c\c_study\a_python_源码\python-2.5\pcbuild\x86-temp-debug\pythoncore\frozen.obj
e:\the_c_of_vs_code\c\c_study\a_python_源码\python-2.5\pcbuild\x86-temp-debug\pythoncore\errors.obj
e:\the_c_of_vs_code\c\c_study\a_python_源码\python-2.5\pcbuild\x86-temp-debug\pythoncore\dynload_win.obj
e:\the_c_of_vs_code\c\c_study\a_python_源码\python-2.5\pcbuild\x86-temp-debug\pythoncore\compile.obj
e:\the_c_of_vs_code\c\c_study\a_python_源码\python-2.5\pcbuild\x86-temp-debug\pythoncore\codecs.obj
e:\the_c_of_vs_code\c\c_study\a_python_源码\python-2.5\pcbuild\x86-temp-debug\pythoncore\ceval.obj
e:\the_c_of_vs_code\c\c_study\a_python_源码\python-2.5\pcbuild\x86-temp-debug\pythoncore\bltinmodule.obj
e:\the_c_of_vs_code\c\c_study\a_python_源码\python-2.5\pcbuild\x86-temp-debug\pythoncore\traceback.obj
e:\the_c_of_vs_code\c\c_study\a_python_源码\python-2.5\pcbuild\x86-temp-debug\pythoncore\thread.obj
e:\the_c_of_vs_code\c\c_study\a_python_源码\python-2.5\pcbuild\x86-temp-debug\pythoncore\sysmodule.obj
e:\the_c_of_vs_code\c\c_study\a_python_源码\python-2.5\pcbuild\x86-temp-debug\pythoncore\symtable.obj
e:\the_c_of_vs_code\c\c_study\a_python_源码\python-2.5\pcbuild\x86-temp-debug\pythoncore\structmember.obj
e:\the_c_of_vs_code\c\c_study\a_python_源码\python-2.5\pcbuild\x86-temp-debug\pythoncore\pythonrun.obj
e:\the_c_of_vs_code\c\c_study\a_python_源码\python-2.5\pcbuild\x86-temp-debug\pythoncore\python-ast.obj
e:\the_c_of_vs_code\c\c_study\a_python_源码\python-2.5\pcbuild\x86-temp-debug\pythoncore\pystrtod.obj
e:\the_c_of_vs_code\c\c_study\a_python_源码\python-2.5\pcbuild\x86-temp-debug\pythoncore\pystate.obj
e:\the_c_of_vs_code\c\c_study\a_python_源码\python-2.5\pcbuild\x86-temp-debug\pythoncore\pyfpe.obj
e:\the_c_of_vs_code\c\c_study\a_python_源码\python-2.5\pcbuild\x86-temp-debug\pythoncore\pyarena.obj
e:\the_c_of_vs_code\c\c_study\a_python_源码\python-2.5\pcbuild\x86-temp-debug\pythoncore\mystrtoul.obj
e:\the_c_of_vs_code\c\c_study\a_python_源码\python-2.5\pcbuild\x86-temp-debug\pythoncore\mysnprintf.obj
e:\the_c_of_vs_code\c\c_study\a_python_源码\python-2.5\pcbuild\x86-temp-debug\pythoncore\pythoncore.tlog\cl.command.1.tlog
e:\the_c_of_vs_code\c\c_study\a_python_源码\python-2.5\pcbuild\x86-temp-debug\pythoncore\pythoncore.tlog\cl.read.1.tlog
e:\the_c_of_vs_code\c\c_study\a_python_源码\python-2.5\pcbuild\x86-temp-debug\pythoncore\pythoncore.tlog\cl.write.1.tlog
