E:\vs2015\vsstudio_ide\MSBuild\Microsoft\VC\v160\Microsoft.CppBuild.targets(445,5): warning MSB8004: Output Directory does not end with a trailing slash.  This build instance will add the slash as it is required to allow proper evaluation of the Output Directory.
  lapi.c
E:\lua\a1\Project2\src\lapi.c(398,49): warning C4244: “return”: 从“lua_Unsigned”转换到“size_t”，可能丢失数据
  lauxlib.c
  lbaselib.c
  lbitlib.c
  lcode.c
  lcorolib.c
  lctype.c
  ldblib.c
  ldebug.c
  ldo.c
  ldump.c
  lfunc.c
  lgc.c
  linit.c
  liolib.c
  llex.c
  lmathlib.c
  lmem.c
  loadlib.c
  lobject.c
  正在生成代码...
  正在编译...
  lopcodes.c
  loslib.c
  lparser.c
  lstate.c
  lstring.c
  lstrlib.c
  ltable.c
  ltablib.c
  ltm.c
  lundump.c
  lutf8lib.c
  lvm.c
  lzio.c
  正在生成代码...
    正在创建库 .\lib\Project2.lib 和对象 .\lib\Project2.exp
  Project2.vcxproj -> E:\lua\a1\Project2\.\bin\Project2.dll
